[debug] [2021-12-15T02:53:00.901Z] ----------------------------------------------------------------------
[debug] [2021-12-15T02:53:00.906Z] Command:       C:\Program Files\nodejs\node.exe C:\Users\Terrorist\AppData\Roaming\npm\node_modules\firebase-tools\lib\bin\firebase.js init
[debug] [2021-12-15T02:53:00.907Z] CLI Version:   9.23.1
[debug] [2021-12-15T02:53:00.907Z] Platform:      win32
[debug] [2021-12-15T02:53:00.907Z] Node Version:  v14.18.1
[debug] [2021-12-15T02:53:00.909Z] Time:          Wed Dec 15 2021 08:23:00 GMT+0530 (India Standard Time)
[debug] [2021-12-15T02:53:00.909Z] ----------------------------------------------------------------------
[debug] 
[debug] [2021-12-15T02:53:00.926Z] > command requires scopes: ["email","openid","https://www.googleapis.com/auth/cloudplatformprojects.readonly","https://www.googleapis.com/auth/firebase","https://www.googleapis.com/auth/cloud-platform"]
[debug] [2021-12-15T02:53:00.926Z] > authorizing via signed-in user (kabil.hussen.166@gmail.com)
[info] 
     ######## #### ########  ######## ########     ###     ######  ########
     ##        ##  ##     ## ##       ##     ##  ##   ##  ##       ##
     ######    ##  ########  ######   ########  #########  ######  ######
     ##        ##  ##    ##  ##       ##     ## ##     ##       ## ##
     ##       #### ##     ## ######## ########  ##     ##  ######  ########

You're about to initialize a Firebase project in this directory:

  C:\Users\Terrorist\OneDrive\Desktop\NewsApp\news-app-clone

[info] 
=== Project Setup
[info] 
[info] First, let's associate this project directory with a Firebase project.
[info] You can create multiple project aliases by running firebase use --add, 
[info] but for now we'll just set up a default project.
[info] 
[debug] [2021-12-15T02:53:17.960Z] >>> [apiv2][query] GET https://firebase.googleapis.com/v1beta1/projects pageSize=100
[debug] [2021-12-15T02:53:22.706Z] <<< [apiv2][status] GET https://firebase.googleapis.com/v1beta1/projects 200
[debug] [2021-12-15T02:53:22.706Z] <<< [apiv2][body] GET https://firebase.googleapis.com/v1beta1/projects [omitted]
[info] i  Using project newsapp-1be74 (NewsApp) 
[info] 
=== Hosting Setup
[info] 
[info] Your public directory is the folder (relative to your project directory) that
[info] will contain Hosting assets to be uploaded with firebase deploy. If you
[info] have a build process for your assets, use your build's output directory.
[info] 
[debug] [2021-12-15T02:55:23.772Z] >>> [apiv2][query] GET https://www.gstatic.com/firebasejs/releases.json [none]
[debug] [2021-12-15T02:55:25.433Z] <<< [apiv2][status] GET https://www.gstatic.com/firebasejs/releases.json 200
[debug] [2021-12-15T02:55:25.434Z] <<< [apiv2][body] GET https://www.gstatic.com/firebasejs/releases.json {"current":{"version":"9.6.1","browserURL":"https://www.gstatic.com/firebasejs/9.6.1/firebase.js","packageURL":"https://www.gstatic.com/firebasejs/9.6.1/firebase.tgz"},"live":{"version":"9.6","browserURL":"https://www.gstatic.com/firebasejs/live/9.6/firebase.js","packageURL":"https://www.gstatic.com/firebasejs/live/9.6/firebase.tgz"},"components":{"analytics":"https://www.gstatic.com/firebasejs/9.6.1/firebase-analytics.js","app":"https://www.gstatic.com/firebasejs/9.6.1/firebase-app.js","app-check":"https://www.gstatic.com/firebasejs/9.6.1/firebase-app-check.js","auth":"https://www.gstatic.com/firebasejs/9.6.1/firebase-auth.js","auth/cordova":"https://www.gstatic.com/firebasejs/9.6.1/firebase-auth/cordova.js","auth/react-native":"https://www.gstatic.com/firebasejs/9.6.1/firebase-auth/react-native.js","functions":"https://www.gstatic.com/firebasejs/9.6.1/firebase-functions.js","firestore":"https://www.gstatic.com/firebasejs/9.6.1/firebase-firestore.js","firestore/lite":"https://www.gstatic.com/firebasejs/9.6.1/firebase-firestore/lite.js","storage":"https://www.gstatic.com/firebasejs/9.6.1/firebase-storage.js","performance":"https://www.gstatic.com/firebasejs/9.6.1/firebase-performance.js","remote-config":"https://www.gstatic.com/firebasejs/9.6.1/firebase-remote-config.js","messaging":"https://www.gstatic.com/firebasejs/9.6.1/firebase-messaging.js","messaging/sw":"https://www.gstatic.com/firebasejs/9.6.1/firebase-messaging/sw.js","database":"https://www.gstatic.com/firebasejs/9.6.1/firebase-database.js","firestore.memory":"https://www.gstatic.com/firebasejs/9.6.1/firebase-firestore.memory.js"}}
[info] +  Wrote build/index.html 
[info] 
[info] i  Detected a .git folder at C:\Users\Terrorist\OneDrive\Desktop\NewsApp\news-app-clone 
[info] i  Authorizing with GitHub to upload your service account to a GitHub repository's secrets store. 
[info] 
[info] Visit this URL on this device to log in:
[info] https://github.com/login/oauth/authorize?client_id=89cf50f02ac6aaed3484&state=219648908&redirect_uri=http%3A%2F%2Flocalhost%3A9005&scope=read%3Auser%20repo%20public_repo
[info] 
[info] Waiting for authentication...
[debug] [2021-12-15T02:56:02.863Z] >>> HTTP REQUEST POST https://github.com/login/oauth/access_token  
 {"client_id":"89cf50f02ac6aaed3484","client_secret":"3330d14abc895d9a74d5f17cd7a00711fa2c5bf0","code":"9abde8aceff05eb71385","redirect_uri":"http://localhost:9005","state":"219648908"}
[debug] [2021-12-15T02:56:03.575Z] <<< HTTP RESPONSE 200 {"server":"GitHub.com","date":"Wed, 15 Dec 2021 02:55:41 GMT","content-type":"application/json; charset=utf-8","transfer-encoding":"chunked","vary":"X-PJAX, X-PJAX-Container, Accept-Encoding, Accept, X-Requested-With","permissions-policy":"interest-cohort=()","etag":"W/\"b4febe9424d702ad9f79bdd9b65d3a90\"","cache-control":"max-age=0, private, must-revalidate","strict-transport-security":"max-age=31536000; includeSubdomains; preload","x-frame-options":"deny","x-content-type-options":"nosniff","x-xss-protection":"0","referrer-policy":"origin-when-cross-origin, strict-origin-when-cross-origin","expect-ct":"max-age=2592000, report-uri=\"https://api.github.com/_private/browser/errors\"","content-security-policy":"default-src 'none'; base-uri 'self'; block-all-mixed-content; child-src github.com/assets-cdn/worker/ gist.github.com/assets-cdn/worker/; connect-src 'self' uploads.github.com objects-origin.githubusercontent.com www.githubstatus.com collector.githubapp.com api.github.com github-cloud.s3.amazonaws.com github-production-repository-file-5c1aeb.s3.amazonaws.com github-production-upload-manifest-file-7fdce7.s3.amazonaws.com github-production-user-asset-6210df.s3.amazonaws.com cdn.optimizely.com logx.optimizely.com/v1/events translator.github.com wss://alive.github.com; font-src github.githubassets.com; form-action 'self' github.com gist.github.com objects-origin.githubusercontent.com; frame-ancestors 'none'; frame-src render.githubusercontent.com viewscreen.githubusercontent.com notebooks.githubusercontent.com; img-src 'self' data: github.githubassets.com identicons.github.com collector.githubapp.com github-cloud.s3.amazonaws.com secured-user-images.githubusercontent.com/ *.githubusercontent.com; manifest-src 'self'; media-src github.com user-images.githubusercontent.com/; script-src github.githubassets.com; style-src 'unsafe-inline' github.githubassets.com; worker-src github.com/assets-cdn/worker/ gist.github.com/assets-cdn/worker/","x-github-request-id":"F2BA:43F1:E7B05B:107757C:61B9592D"}
[debug] [2021-12-15T02:56:03.583Z] >>> [apiv2][query] GET https://api.github.com/user [none]
[debug] [2021-12-15T02:56:04.292Z] <<< [apiv2][status] GET https://api.github.com/user 200
[debug] [2021-12-15T02:56:04.292Z] <<< [apiv2][body] GET https://api.github.com/user {"login":"kabil166","id":68674204,"node_id":"MDQ6VXNlcjY4Njc0MjA0","avatar_url":"https://avatars.githubusercontent.com/u/68674204?v=4","gravatar_id":"","url":"https://api.github.com/users/kabil166","html_url":"https://github.com/kabil166","followers_url":"https://api.github.com/users/kabil166/followers","following_url":"https://api.github.com/users/kabil166/following{/other_user}","gists_url":"https://api.github.com/users/kabil166/gists{/gist_id}","starred_url":"https://api.github.com/users/kabil166/starred{/owner}{/repo}","subscriptions_url":"https://api.github.com/users/kabil166/subscriptions","organizations_url":"https://api.github.com/users/kabil166/orgs","repos_url":"https://api.github.com/users/kabil166/repos","events_url":"https://api.github.com/users/kabil166/events{/privacy}","received_events_url":"https://api.github.com/users/kabil166/received_events","type":"User","site_admin":false,"name":"Kabil Hussain","company":"N/A","blog":"","location":null,"email":null,"hireable":null,"bio":null,"twitter_username":null,"public_repos":5,"public_gists":0,"followers":1,"following":1,"created_at":"2020-07-23T02:37:50Z","updated_at":"2021-11-12T10:59:55Z","private_gists":0,"total_private_repos":4,"owned_private_repos":4,"disk_usage":742,"collaborators":0,"two_factor_authentication":false,"plan":{"name":"free","space":976562499,"collaborators":0,"private_repos":10000}}
[info] 
[info] +  Success! Logged into GitHub as kabil166 
[info] 
[debug] [2021-12-15T03:11:25.208Z] >>> [apiv2][query] GET https://api.github.com/repos/n/actions/secrets/public-key type=owner
[debug] [2021-12-15T03:11:26.063Z] <<< [apiv2][status] GET https://api.github.com/repos/n/actions/secrets/public-key 404
[debug] [2021-12-15T03:11:26.064Z] <<< [apiv2][body] GET https://api.github.com/repos/n/actions/secrets/public-key {"message":"Not Found","documentation_url":"https://docs.github.com/rest"}
[debug] [2021-12-15T03:12:08.283Z] >>> [apiv2][query] GET https://api.github.com/repos//actions/secrets/public-key type=owner
[debug] [2021-12-15T03:12:08.552Z] >>> [apiv2][query] GET https://api.github.com/repos//actions/secrets/public-key type=owner
[debug] [2021-12-15T03:12:08.729Z] >>> [apiv2][query] GET https://api.github.com/repos//actions/secrets/public-key type=owner
[debug] [2021-12-15T03:12:09.060Z] <<< [apiv2][status] GET https://api.github.com/repos//actions/secrets/public-key 404
[debug] [2021-12-15T03:12:09.060Z] <<< [apiv2][body] GET https://api.github.com/repos//actions/secrets/public-key {"message":"Not Found","documentation_url":"https://docs.github.com/rest"}
[debug] [2021-12-15T03:12:09.165Z] <<< [apiv2][status] GET https://api.github.com/repos//actions/secrets/public-key 404
[debug] [2021-12-15T03:12:09.165Z] <<< [apiv2][body] GET https://api.github.com/repos//actions/secrets/public-key {"message":"Not Found","documentation_url":"https://docs.github.com/rest"}
[debug] [2021-12-15T03:12:09.293Z] <<< [apiv2][status] GET https://api.github.com/repos//actions/secrets/public-key 404
[debug] [2021-12-15T03:12:09.293Z] <<< [apiv2][body] GET https://api.github.com/repos//actions/secrets/public-key {"message":"Not Found","documentation_url":"https://docs.github.com/rest"}
[debug] [2021-12-15T03:12:12.528Z] >>> [apiv2][query] GET https://api.github.com/repos/n/actions/secrets/public-key type=owner
[debug] [2021-12-15T03:12:13.200Z] <<< [apiv2][status] GET https://api.github.com/repos/n/actions/secrets/public-key 404
[debug] [2021-12-15T03:12:13.201Z] <<< [apiv2][body] GET https://api.github.com/repos/n/actions/secrets/public-key {"message":"Not Found","documentation_url":"https://docs.github.com/rest"}
[debug] [2021-12-15T03:16:54.598Z] >>> [apiv2][query] GET https://api.github.com/repos/https://github.com/kabil166/news_app_clone.git/actions/secrets/public-key type=owner
[debug] [2021-12-15T03:16:55.455Z] <<< [apiv2][status] GET https://api.github.com/repos/https://github.com/kabil166/news_app_clone.git/actions/secrets/public-key 404
[debug] [2021-12-15T03:16:55.455Z] <<< [apiv2][body] GET https://api.github.com/repos/https://github.com/kabil166/news_app_clone.git/actions/secrets/public-key {"message":"Not Found","documentation_url":"https://docs.github.com/rest"}
[debug] [2021-12-15T03:17:20.458Z] >>> [apiv2][query] GET https://api.github.com/repos/No/actions/secrets/public-key type=owner
[debug] [2021-12-15T03:17:22.304Z] >>> [apiv2][query] GET https://api.github.com/repos//actions/secrets/public-key type=owner
[debug] [2021-12-15T03:17:22.514Z] >>> [apiv2][query] GET https://api.github.com/repos//actions/secrets/public-key type=owner
[debug] [2021-12-15T03:17:22.720Z] >>> [apiv2][query] GET https://api.github.com/repos//actions/secrets/public-key type=owner
[debug] [2021-12-15T03:17:22.919Z] >>> [apiv2][query] GET https://api.github.com/repos//actions/secrets/public-key type=owner
[debug] [2021-12-15T03:17:23.146Z] >>> [apiv2][query] GET https://api.github.com/repos//actions/secrets/public-key type=owner
[debug] [2021-12-15T03:17:24.111Z] >>> [apiv2][query] GET https://api.github.com/repos//actions/secrets/public-key type=owner
[debug] [2021-12-15T03:17:24.342Z] >>> [apiv2][query] GET https://api.github.com/repos//actions/secrets/public-key type=owner
[debug] [2021-12-15T03:17:25.453Z] <<< [apiv2][status] GET https://api.github.com/repos/No/actions/secrets/public-key 404
[debug] [2021-12-15T03:17:25.453Z] <<< [apiv2][body] GET https://api.github.com/repos/No/actions/secrets/public-key {"message":"Not Found","documentation_url":"https://docs.github.com/rest"}
[debug] [2021-12-15T03:17:25.537Z] <<< [apiv2][status] GET https://api.github.com/repos//actions/secrets/public-key 404
[debug] [2021-12-15T03:17:25.537Z] <<< [apiv2][body] GET https://api.github.com/repos//actions/secrets/public-key {"message":"Not Found","documentation_url":"https://docs.github.com/rest"}
[debug] [2021-12-15T03:17:25.540Z] <<< [apiv2][status] GET https://api.github.com/repos//actions/secrets/public-key 404
[debug] [2021-12-15T03:17:25.540Z] <<< [apiv2][body] GET https://api.github.com/repos//actions/secrets/public-key {"message":"Not Found","documentation_url":"https://docs.github.com/rest"}
[debug] [2021-12-15T03:17:25.572Z] <<< [apiv2][status] GET https://api.github.com/repos//actions/secrets/public-key 404
[debug] [2021-12-15T03:17:25.572Z] <<< [apiv2][body] GET https://api.github.com/repos//actions/secrets/public-key {"message":"Not Found","documentation_url":"https://docs.github.com/rest"}
[debug] [2021-12-15T03:17:25.650Z] <<< [apiv2][status] GET https://api.github.com/repos//actions/secrets/public-key 404
[debug] [2021-12-15T03:17:25.650Z] <<< [apiv2][body] GET https://api.github.com/repos//actions/secrets/public-key {"message":"Not Found","documentation_url":"https://docs.github.com/rest"}
[debug] [2021-12-15T03:17:25.768Z] <<< [apiv2][status] GET https://api.github.com/repos//actions/secrets/public-key 404
[debug] [2021-12-15T03:17:25.768Z] <<< [apiv2][body] GET https://api.github.com/repos//actions/secrets/public-key {"message":"Not Found","documentation_url":"https://docs.github.com/rest"}
[debug] [2021-12-15T03:17:25.771Z] <<< [apiv2][status] GET https://api.github.com/repos//actions/secrets/public-key 404
[debug] [2021-12-15T03:17:25.771Z] <<< [apiv2][body] GET https://api.github.com/repos//actions/secrets/public-key {"message":"Not Found","documentation_url":"https://docs.github.com/rest"}
[debug] [2021-12-15T03:17:25.893Z] <<< [apiv2][status] GET https://api.github.com/repos//actions/secrets/public-key 404
[debug] [2021-12-15T03:17:25.893Z] <<< [apiv2][body] GET https://api.github.com/repos//actions/secrets/public-key {"message":"Not Found","documentation_url":"https://docs.github.com/rest"}
[debug] [2021-12-15T03:17:52.929Z] >>> [apiv2][query] GET https://api.github.com/repos/kabil166/news_app_clone.git/actions/secrets/public-key type=owner
[debug] [2021-12-15T03:17:53.665Z] <<< [apiv2][status] GET https://api.github.com/repos/kabil166/news_app_clone.git/actions/secrets/public-key 404
[debug] [2021-12-15T03:17:53.665Z] <<< [apiv2][body] GET https://api.github.com/repos/kabil166/news_app_clone.git/actions/secrets/public-key {"message":"Not Found","documentation_url":"https://docs.github.com/rest/reference/actions#get-a-repository-public-key"}
